Nov. 10, 2023 10:37:43 PM dao.MariaDBFacManDAO createDatabaseFacMan
INFORMATION: Created new database "running_gag"

Nov. 10, 2023 10:37:43 PM dao.MariaDBFacManDAO createTableCustomer
INFORMATION: Created new table "Customer"

Nov. 10, 2023 10:37:43 PM dao.MariaDBFacManDAO createTableReading
INFORMATION: Created new table "Reading"

Nov. 10, 2023 10:37:49 PM dao.MariaDBFacManDAO createDatabaseFacMan
SCHWERWIEGEND: An error occurred: (conn=83) Can't create database 'running_gag'; database exists

Nov. 10, 2023 10:37:49 PM dao.MariaDBFacManDAO main
WARNUNG: An error occurred in "createDatabaseFacMan"

Nov. 10, 2023 10:43:42 PM dao.MariaDBFacManDAO createDatabaseFacMan
SCHWERWIEGEND: An error occurred: (conn=84) Can't create database 'running_gag'; database exists

Nov. 10, 2023 10:43:42 PM dao.MariaDBFacManDAO main
WARNUNG: An error occurred in "createDatabaseFacMan"

Nov. 11, 2023 11:48:21 AM dao.MariaDBFacManDAO connectToMariaDB
SCHWERWIEGEND: An error occurred: GSS-API authentication exception

Nov. 11, 2023 12:00:37 PM dao.MariaDBFacManDAO createDatabaseFacMan
SCHWERWIEGEND: An error occurred: (conn=93) Can't create database 'running_gag'; database exists

Nov. 11, 2023 12:00:37 PM dao.MariaDBFacManDAO main
WARNUNG: An error occurred in "createDatabaseFacMan"

